2014-02-01 03:00:19.404 HelloWorld[4820:80b] Multi-tasking -> Device: YES, App: YES
2014-02-01 03:00:19.683 HelloWorld[4820:80b] Unlimited access to network resources
2014-02-01 03:00:20.383 HelloWorld[4820:80b] Resetting plugins due to page load.
2014-02-01 03:00:21.194 HelloWorld[4820:80b] Finished load of: file:///Users/arthur/Library/Application%20Support/iPhone%20Simulator/7.0/Applications/B9436720-5CC6-4AE7-B3B5-9B122C49675F/HelloWorld.app/www/index.html
2014-02-01 03:02:57.381 Bathrooms[5753:80b] Multi-tasking -> Device: YES, App: YES
2014-02-01 03:02:57.414 Bathrooms[5753:80b] Unlimited access to network resources
2014-02-01 03:02:57.419 Bathrooms[5753:80b] Fix applied for database locations?: YES
2014-02-01 03:02:58.025 Bathrooms[5753:80b] Resetting plugins due to page load.
2014-02-01 03:02:58.201 Bathrooms[5753:80b] Finished load of: file:///Users/arthur/Library/Application%20Support/iPhone%20Simulator/7.0/Applications/12DB739D-64E9-465B-B360-BB8F21305328/Bathrooms.app/www/index.html
2014-02-01 03:06:00.790 Bathrooms[6649:80b] Multi-tasking -> Device: YES, App: YES
2014-02-01 03:06:00.801 Bathrooms[6649:80b] Unlimited access to network resources
2014-02-01 03:06:01.030 Bathrooms[6649:80b] Resetting plugins due to page load.
2014-02-01 03:06:01.140 Bathrooms[6649:80b] Finished load of: file:///Users/arthur/Library/Application%20Support/iPhone%20Simulator/7.0/Applications/12DB739D-64E9-465B-B360-BB8F21305328/Bathrooms.app/www/index.html
2014-02-01 03:09:29.029 Bathrooms[7548:80b] Multi-tasking -> Device: YES, App: YES
2014-02-01 03:09:29.040 Bathrooms[7548:80b] Unlimited access to network resources
2014-02-01 03:09:29.274 Bathrooms[7548:80b] Resetting plugins due to page load.
2014-02-01 03:09:29.446 Bathrooms[7548:80b] Finished load of: file:///Users/arthur/Library/Application%20Support/iPhone%20Simulator/7.0/Applications/12DB739D-64E9-465B-B360-BB8F21305328/Bathrooms.app/www/index.html
2014-02-01 11:17:19.064 Bathrooms[8662:80b] Multi-tasking -> Device: YES, App: YES
2014-02-01 11:17:19.117 Bathrooms[8662:80b] Unlimited access to network resources
2014-02-01 11:17:19.658 Bathrooms[8662:80b] Resetting plugins due to page load.
2014-02-01 11:17:19.849 Bathrooms[8662:80b] Finished load of: file:///Users/arthur/Library/Application%20Support/iPhone%20Simulator/7.0/Applications/12DB739D-64E9-465B-B360-BB8F21305328/Bathrooms.app/www/index.html
2014-02-01 11:39:01.070 Bathrooms[9724:80b] Multi-tasking -> Device: YES, App: YES
2014-02-01 11:39:01.117 Bathrooms[9724:80b] Unlimited access to network resources
2014-02-01 11:39:01.607 Bathrooms[9724:80b] Resetting plugins due to page load.
2014-02-01 11:39:01.722 Bathrooms[9724:80b] Finished load of: file:///Users/arthur/Library/Application%20Support/iPhone%20Simulator/7.0/Applications/12DB739D-64E9-465B-B360-BB8F21305328/Bathrooms.app/www/index.html
2014-02-01 11:42:41.707 Bathrooms[11583:80b] Multi-tasking -> Device: YES, App: YES
2014-02-01 11:42:41.718 Bathrooms[11583:80b] Unlimited access to network resources
2014-02-01 11:42:41.956 Bathrooms[11583:80b] Resetting plugins due to page load.
2014-02-01 11:42:42.024 Bathrooms[11583:80b] Finished load of: file:///Users/arthur/Library/Application%20Support/iPhone%20Simulator/7.0/Applications/12DB739D-64E9-465B-B360-BB8F21305328/Bathrooms.app/www/index.html
2014-02-01 12:33:14.064 Bathrooms[12560:80b] Multi-tasking -> Device: YES, App: YES
2014-02-01 12:33:14.110 Bathrooms[12560:80b] Unlimited access to network resources
2014-02-01 12:33:14.618 Bathrooms[12560:80b] Resetting plugins due to page load.
2014-02-01 12:33:14.728 Bathrooms[12560:80b] Finished load of: file:///Users/arthur/Library/Application%20Support/iPhone%20Simulator/7.0/Applications/12DB739D-64E9-465B-B360-BB8F21305328/Bathrooms.app/www/index.html
2014-02-01 12:42:03.883 Bathrooms[13484:80b] Multi-tasking -> Device: YES, App: YES
2014-02-01 12:42:03.896 Bathrooms[13484:80b] Unlimited access to network resources
2014-02-01 12:42:04.211 Bathrooms[13484:80b] Resetting plugins due to page load.
2014-02-01 12:42:04.354 Bathrooms[13484:80b] Finished load of: file:///Users/arthur/Library/Application%20Support/iPhone%20Simulator/7.0/Applications/12DB739D-64E9-465B-B360-BB8F21305328/Bathrooms.app/www/index.html
Terminating in response to SpringBoard's termination.
2014-02-01 12:43:47.840 Bathrooms[14384:80b] Multi-tasking -> Device: YES, App: YES
2014-02-01 12:43:47.858 Bathrooms[14384:80b] Unlimited access to network resources
2014-02-01 12:43:48.049 Bathrooms[14384:80b] Resetting plugins due to page load.
2014-02-01 12:43:48.204 Bathrooms[14384:80b] Finished load of: file:///Users/arthur/Library/Application%20Support/iPhone%20Simulator/7.0/Applications/12DB739D-64E9-465B-B360-BB8F21305328/Bathrooms.app/www/index.html
2014-02-01 12:53:29.850 Bathrooms[16199:80b] Multi-tasking -> Device: YES, App: YES
2014-02-01 12:53:29.861 Bathrooms[16199:80b] Unlimited access to network resources
2014-02-01 12:53:30.118 Bathrooms[16199:80b] Resetting plugins due to page load.
2014-02-01 12:53:30.320 Bathrooms[16199:80b] Finished load of: file:///Users/arthur/Library/Application%20Support/iPhone%20Simulator/7.0/Applications/12DB739D-64E9-465B-B360-BB8F21305328/Bathrooms.app/www/index.html
2014-02-01 13:31:00.440 Bathrooms[17191:80b] Multi-tasking -> Device: YES, App: YES
2014-02-01 13:31:00.559 Bathrooms[17191:80b] Unlimited access to network resources
2014-02-01 13:31:01.182 Bathrooms[17191:80b] Resetting plugins due to page load.
2014-02-01 13:31:01.642 Bathrooms[17191:80b] Finished load of: file:///Users/arthur/Library/Application%20Support/iPhone%20Simulator/7.0/Applications/12DB739D-64E9-465B-B360-BB8F21305328/Bathrooms.app/www/index.html
2014-02-01 14:02:21.820 Bathrooms[18299:80b] Multi-tasking -> Device: YES, App: YES
2014-02-01 14:02:21.863 Bathrooms[18299:80b] Unlimited access to network resources
2014-02-01 14:02:22.368 Bathrooms[18299:80b] Resetting plugins due to page load.
2014-02-01 14:02:22.831 Bathrooms[18299:80b] Finished load of: file:///Users/arthur/Library/Application%20Support/iPhone%20Simulator/7.0/Applications/12DB739D-64E9-465B-B360-BB8F21305328/Bathrooms.app/www/index.html
2014-02-01 14:39:43.783 Bathrooms[19481:80b] Multi-tasking -> Device: YES, App: YES
2014-02-01 14:39:43.826 Bathrooms[19481:80b] Unlimited access to network resources
2014-02-01 14:39:44.285 Bathrooms[19481:80b] Resetting plugins due to page load.
2014-02-01 14:39:44.906 Bathrooms[19481:80b] Finished load of: file:///Users/arthur/Library/Application%20Support/iPhone%20Simulator/7.0/Applications/12DB739D-64E9-465B-B360-BB8F21305328/Bathrooms.app/www/index.html
2014-02-01 14:55:43.896 Bathrooms[20557:80b] Multi-tasking -> Device: YES, App: YES
2014-02-01 14:55:43.931 Bathrooms[20557:80b] Unlimited access to network resources
2014-02-01 14:55:44.374 Bathrooms[20557:80b] Resetting plugins due to page load.
2014-02-01 14:55:44.908 Bathrooms[20557:80b] Finished load of: file:///Users/arthur/Library/Application%20Support/iPhone%20Simulator/7.0/Applications/12DB739D-64E9-465B-B360-BB8F21305328/Bathrooms.app/www/index.html
2014-02-01 14:58:18.617 Bathrooms[22149:80b] Multi-tasking -> Device: YES, App: YES
2014-02-01 14:58:18.678 Bathrooms[22149:80b] Unlimited access to network resources
2014-02-01 14:58:19.084 Bathrooms[22149:80b] Resetting plugins due to page load.
2014-02-01 14:58:19.704 Bathrooms[22149:80b] Finished load of: file:///Users/arthur/Library/Application%20Support/iPhone%20Simulator/7.0/Applications/12DB739D-64E9-465B-B360-BB8F21305328/Bathrooms.app/www/index.html
